time="2021-12-06T15:49:08+07:00" level=info msg="init logger" func="app.go:11" file="main.main()"
time="2021-12-06T15:49:08+07:00" level=info msg="Application inicialized and started" func="app.go:15" file="main.main()"
time="2021-12-06T15:49:08+07:00" level=info msg="Router init.." func="router.go:23" file="note_service/app/internal/router.Init()"
time="2021-12-06T15:49:08+07:00" level=info msg="initialization application context" func="app_context.go:17" file="note_service/app/internal/app_context.GetInstance()"
time="2021-12-06T15:49:08+07:00" level=info msg="read application config..." func="config.go:22" file="note_service/app/internal/config.initConfig()"
time="2021-12-06T15:49:08+07:00" level=info func="config.go:26" file="note_service/app/internal/config.initConfig()"
time="2021-12-06T15:49:08+07:00" level=fatal msg="open config.yaml: The system cannot find the file specified." func="config.go:27" file="note_service/app/internal/config.initConfig()"
time="2021-12-06T15:50:34+07:00" level=info msg="init logger" func="app.go:11" file="main.main()"
time="2021-12-06T15:50:34+07:00" level=info msg="Application inicialized and started" func="app.go:15" file="main.main()"
time="2021-12-06T15:50:34+07:00" level=info msg="Router init.." func="router.go:23" file="note_service/app/internal/router.Init()"
time="2021-12-06T15:50:34+07:00" level=info msg="initialization application context" func="app_context.go:17" file="note_service/app/internal/app_context.GetInstance()"
time="2021-12-06T15:50:34+07:00" level=info msg="read application config..." func="config.go:22" file="note_service/app/internal/config.initConfig()"
time="2021-12-06T15:50:34+07:00" level=info func="config.go:26" file="note_service/app/internal/config.initConfig()"
time="2021-12-06T15:50:34+07:00" level=fatal msg="open config.yaml: The system cannot find the file specified." func="config.go:27" file="note_service/app/internal/config.initConfig()"
time="2021-12-06T15:51:50+07:00" level=info msg="init logger" func="app.go:11" file="main.main()"
time="2021-12-06T15:51:50+07:00" level=info msg="Application inicialized and started" func="app.go:15" file="main.main()"
time="2021-12-06T15:51:50+07:00" level=info msg="Router init.." func="router.go:23" file="note_service/app/internal/router.Init()"
time="2021-12-06T15:51:50+07:00" level=info msg="initialization application context" func="app_context.go:17" file="note_service/app/internal/app_context.GetInstance()"
time="2021-12-06T15:51:50+07:00" level=info msg="read application config..." func="config.go:22" file="note_service/app/internal/config.initConfig()"
time="2021-12-06T15:51:50+07:00" level=info func="config.go:26" file="note_service/app/internal/config.initConfig()"
time="2021-12-06T15:51:50+07:00" level=fatal msg="open config.yml: The system cannot find the file specified." func="config.go:27" file="note_service/app/internal/config.initConfig()"
time="2021-12-06T15:53:05+07:00" level=info msg="init logger" func="app.go:11" file="main.main()"
time="2021-12-06T15:53:05+07:00" level=info msg="Application inicialized and started" func="app.go:15" file="main.main()"
time="2021-12-06T15:53:05+07:00" level=info msg="Router init.." func="router.go:23" file="note_service/app/internal/router.Init()"
time="2021-12-06T15:53:05+07:00" level=info msg="initialization application context" func="app_context.go:17" file="note_service/app/internal/app_context.GetInstance()"
time="2021-12-06T15:53:05+07:00" level=info msg="read application config..." func="config.go:22" file="note_service/app/internal/config.initConfig()"
time="2021-12-06T15:53:05+07:00" level=info func="config.go:26" file="note_service/app/internal/config.initConfig()"
time="2021-12-06T15:53:05+07:00" level=fatal msg="open note_service/app/config.yml: The system cannot find the path specified." func="config.go:27" file="note_service/app/internal/config.initConfig()"
time="2021-12-06T15:54:54+07:00" level=info msg="init logger" func="app.go:11" file="main.main()"
time="2021-12-06T15:54:54+07:00" level=info msg="Application inicialized and started" func="app.go:15" file="main.main()"
time="2021-12-06T15:54:54+07:00" level=info msg="Router init.." func="router.go:23" file="note_service/app/internal/router.Init()"
time="2021-12-06T15:54:54+07:00" level=info msg="initialization application context" func="app_context.go:17" file="note_service/app/internal/app_context.GetInstance()"
time="2021-12-06T15:54:54+07:00" level=info msg="read application config..." func="config.go:22" file="note_service/app/internal/config.initConfig()"
time="2021-12-06T15:54:54+07:00" level=info func="config.go:26" file="note_service/app/internal/config.initConfig()"
time="2021-12-06T15:54:54+07:00" level=fatal msg="open app/config.yml: The system cannot find the path specified." func="config.go:27" file="note_service/app/internal/config.initConfig()"
time="2021-12-06T15:55:52+07:00" level=info msg="init logger" func="app.go:11" file="main.main()"
time="2021-12-06T15:55:52+07:00" level=info msg="Application inicialized and started" func="app.go:15" file="main.main()"
time="2021-12-06T15:55:52+07:00" level=info msg="Router init.." func="router.go:23" file="note_service/app/internal/router.Init()"
time="2021-12-06T15:55:52+07:00" level=info msg="initialization application context" func="app_context.go:17" file="note_service/app/internal/app_context.GetInstance()"
time="2021-12-06T15:55:52+07:00" level=info msg="read application config..." func="config.go:22" file="note_service/app/internal/config.initConfig()"
time="2021-12-06T15:55:52+07:00" level=info func="config.go:26" file="note_service/app/internal/config.initConfig()"
time="2021-12-06T15:55:52+07:00" level=fatal msg="open config.yml: The system cannot find the file specified." func="config.go:27" file="note_service/app/internal/config.initConfig()"
time="2021-12-06T15:59:44+07:00" level=info msg="init logger" func="app.go:11" file="main.main()"
time="2021-12-06T15:59:44+07:00" level=info msg="Application inicialized and started" func="app.go:15" file="main.main()"
time="2021-12-06T15:59:44+07:00" level=info msg="Router init.." func="router.go:23" file="note_service/app/internal/router.Init()"
time="2021-12-06T15:59:44+07:00" level=info msg="initialization application context" func="app_context.go:17" file="note_service/app/internal/app_context.GetInstance()"
time="2021-12-06T15:59:44+07:00" level=info msg="read application config..." func="config.go:22" file="note_service/app/internal/config.initConfig()"
time="2021-12-06T15:59:44+07:00" level=info func="config.go:26" file="note_service/app/internal/config.initConfig()"
time="2021-12-06T15:59:44+07:00" level=fatal msg="open app\\config.yml: The system cannot find the path specified." func="config.go:27" file="note_service/app/internal/config.initConfig()"
time="2021-12-06T16:00:15+07:00" level=info msg="init logger" func="app.go:11" file="main.main()"
time="2021-12-06T16:00:15+07:00" level=info msg="Application inicialized and started" func="app.go:15" file="main.main()"
time="2021-12-06T16:00:15+07:00" level=info msg="Router init.." func="router.go:23" file="note_service/app/internal/router.Init()"
time="2021-12-06T16:00:15+07:00" level=info msg="initialization application context" func="app_context.go:17" file="note_service/app/internal/app_context.GetInstance()"
time="2021-12-06T16:00:15+07:00" level=info msg="read application config..." func="config.go:22" file="note_service/app/internal/config.initConfig()"
time="2021-12-06T16:00:15+07:00" level=info func="config.go:26" file="note_service/app/internal/config.initConfig()"
time="2021-12-06T16:00:15+07:00" level=fatal msg="open note_service\\app\\config.yml: The system cannot find the path specified." func="config.go:27" file="note_service/app/internal/config.initConfig()"
time="2021-12-06T16:00:41+07:00" level=info msg="init logger" func="app.go:11" file="main.main()"
time="2021-12-06T16:00:41+07:00" level=info msg="Application inicialized and started" func="app.go:15" file="main.main()"
time="2021-12-06T16:00:41+07:00" level=info msg="Router init.." func="router.go:23" file="note_service/app/internal/router.Init()"
time="2021-12-06T16:00:41+07:00" level=info msg="initialization application context" func="app_context.go:17" file="note_service/app/internal/app_context.GetInstance()"
time="2021-12-06T16:00:41+07:00" level=info msg="read application config..." func="config.go:22" file="note_service/app/internal/config.initConfig()"
time="2021-12-06T16:00:41+07:00" level=info func="config.go:26" file="note_service/app/internal/config.initConfig()"
time="2021-12-06T16:00:41+07:00" level=fatal msg="open note_service/app/config.yml: The system cannot find the path specified." func="config.go:27" file="note_service/app/internal/config.initConfig()"
time="2021-12-06T16:01:05+07:00" level=info msg="init logger" func="app.go:11" file="main.main()"
time="2021-12-06T16:01:05+07:00" level=info msg="Application inicialized and started" func="app.go:15" file="main.main()"
time="2021-12-06T16:01:05+07:00" level=info msg="Router init.." func="router.go:23" file="note_service/app/internal/router.Init()"
time="2021-12-06T16:01:05+07:00" level=info msg="initialization application context" func="app_context.go:17" file="note_service/app/internal/app_context.GetInstance()"
time="2021-12-06T16:01:05+07:00" level=info msg="read application config..." func="config.go:22" file="note_service/app/internal/config.initConfig()"
time="2021-12-06T16:01:05+07:00" level=info func="config.go:26" file="note_service/app/internal/config.initConfig()"
time="2021-12-06T16:01:05+07:00" level=fatal msg="open app/config.yml: The system cannot find the path specified." func="config.go:27" file="note_service/app/internal/config.initConfig()"
time="2021-12-06T16:01:40+07:00" level=info msg="init logger" func="app.go:11" file="main.main()"
time="2021-12-06T16:01:40+07:00" level=info msg="Application inicialized and started" func="app.go:15" file="main.main()"
time="2021-12-06T16:01:40+07:00" level=info msg="Router init.." func="router.go:23" file="note_service/app/internal/router.Init()"
time="2021-12-06T16:01:40+07:00" level=info msg="initialization application context" func="app_context.go:17" file="note_service/app/internal/app_context.GetInstance()"
time="2021-12-06T16:01:40+07:00" level=info msg="read application config..." func="config.go:22" file="note_service/app/internal/config.initConfig()"
time="2021-12-06T16:01:40+07:00" level=info func="config.go:26" file="note_service/app/internal/config.initConfig()"
time="2021-12-06T16:01:40+07:00" level=fatal msg="wrong type ptr" func="config.go:27" file="note_service/app/internal/config.initConfig()"
time="2021-12-06T16:02:34+07:00" level=info msg="init logger" func="app.go:11" file="main.main()"
time="2021-12-06T16:02:34+07:00" level=info msg="Application inicialized and started" func="app.go:15" file="main.main()"
time="2021-12-06T16:02:34+07:00" level=info msg="Router init.." func="router.go:23" file="note_service/app/internal/router.Init()"
time="2021-12-06T16:02:34+07:00" level=info msg="initialization application context" func="app_context.go:17" file="note_service/app/internal/app_context.GetInstance()"
time="2021-12-06T16:02:34+07:00" level=info msg="read application config..." func="config.go:22" file="note_service/app/internal/config.initConfig()"
time="2021-12-06T16:02:34+07:00" level=info msg="bind application to host localhost and port 8080" func="router.go:48" file="note_service/app/internal/router.Init()"
time="2021-12-08T20:47:05+07:00" level=info msg="init logger" func="app.go:11" file="main.main()"
time="2021-12-08T20:47:05+07:00" level=info msg="Application inicialized and started" func="app.go:15" file="main.main()"
time="2021-12-08T20:47:05+07:00" level=info msg="Router init.." func="router.go:24" file="note_service/app/internal/router.Init()"
time="2021-12-08T20:47:05+07:00" level=info msg="initialization application context" func="app_context.go:17" file="note_service/app/internal/app_context.GetInstance()"
time="2021-12-08T20:47:05+07:00" level=info msg="read application config..." func="config.go:29" file="note_service/app/internal/config.GetConfig.func1()"
time="2021-12-08T20:47:05+07:00" level=info msg="bind application to host localhost and port 8080" func="router.go:54" file="note_service/app/internal/router.Init()"
time="2021-12-08T22:12:40+07:00" level=info msg="init logger" func="app.go:11" file="main.main()"
time="2021-12-08T22:12:40+07:00" level=info msg="Application inicialized and started" func="app.go:15" file="main.main()"
time="2021-12-08T22:12:40+07:00" level=info msg="Router init.." func="router.go:25" file="note_service/app/internal/router.Init()"
time="2021-12-08T22:12:40+07:00" level=info msg="initialization application context" func="app_context.go:17" file="note_service/app/internal/app_context.GetInstance()"
time="2021-12-08T22:12:40+07:00" level=info msg="read application config..." func="config.go:29" file="note_service/app/internal/config.GetConfig.func1()"
time="2021-12-08T22:12:40+07:00" level=info msg="bind application to host localhost and port 8080" func="router.go:55" file="note_service/app/internal/router.Init()"
time="2021-12-09T08:03:48+07:00" level=info msg="init logger" func="app.go:11" file="main.main()"
time="2021-12-09T08:03:48+07:00" level=info msg="Application inicialized and started" func="app.go:15" file="main.main()"
time="2021-12-09T08:03:48+07:00" level=info msg="Router init.." func="router.go:25" file="note_service/app/internal/router.Init()"
time="2021-12-09T08:03:48+07:00" level=info msg="initialization application context" func="app_context.go:17" file="note_service/app/internal/app_context.GetInstance()"
time="2021-12-09T08:03:48+07:00" level=info msg="read application config..." func="config.go:29" file="note_service/app/internal/config.GetConfig.func1()"
time="2021-12-09T08:03:48+07:00" level=info msg="bind application to host localhost and port 8080" func="router.go:55" file="note_service/app/internal/router.Init()"
time="2021-12-09T08:09:05+07:00" level=error msg="Malformed token" func="jwt.go:26" file="note_service/app/pkg/middleware/jwt.JWTMiddleware.func1()"
time="2021-12-09T08:09:22+07:00" level=fatal msg="invalid character '-' in numeric literal" func="handler.go:26" file="note_service/app/internal/auth.Auth()"
time="2021-12-09T08:13:19+07:00" level=info msg="init logger" func="app.go:11" file="main.main()"
time="2021-12-09T08:13:19+07:00" level=info msg="Application inicialized and started" func="app.go:15" file="main.main()"
time="2021-12-09T08:13:19+07:00" level=info msg="Router init.." func="router.go:25" file="note_service/app/internal/router.Init()"
time="2021-12-09T08:13:19+07:00" level=info msg="initialization application context" func="app_context.go:17" file="note_service/app/internal/app_context.GetInstance()"
time="2021-12-09T08:13:19+07:00" level=info msg="read application config..." func="config.go:29" file="note_service/app/internal/config.GetConfig.func1()"
time="2021-12-09T08:13:19+07:00" level=info msg="bind application to host localhost and port 8080" func="router.go:55" file="note_service/app/internal/router.Init()"
time="2021-12-09T08:13:35+07:00" level=fatal msg="invalid character '-' in numeric literal" func="handler.go:26" file="note_service/app/internal/auth.Auth()"
time="2021-12-09T08:14:28+07:00" level=info msg="init logger" func="app.go:11" file="main.main()"
time="2021-12-09T08:14:28+07:00" level=info msg="Application inicialized and started" func="app.go:15" file="main.main()"
time="2021-12-09T08:14:28+07:00" level=info msg="Router init.." func="router.go:25" file="note_service/app/internal/router.Init()"
time="2021-12-09T08:14:28+07:00" level=info msg="initialization application context" func="app_context.go:17" file="note_service/app/internal/app_context.GetInstance()"
time="2021-12-09T08:14:28+07:00" level=info msg="read application config..." func="config.go:29" file="note_service/app/internal/config.GetConfig.func1()"
time="2021-12-09T08:14:28+07:00" level=info msg="bind application to host localhost and port 8080" func="router.go:55" file="note_service/app/internal/router.Init()"
time="2021-12-09T08:14:33+07:00" level=fatal msg="invalid character '-' in numeric literal" func="handler.go:26" file="note_service/app/internal/auth.Auth()"
time="2021-12-09T08:15:46+07:00" level=info msg="init logger" func="app.go:11" file="main.main()"
time="2021-12-09T08:15:46+07:00" level=info msg="Application inicialized and started" func="app.go:15" file="main.main()"
time="2021-12-09T08:15:46+07:00" level=info msg="Router init.." func="router.go:25" file="note_service/app/internal/router.Init()"
time="2021-12-09T08:15:46+07:00" level=info msg="initialization application context" func="app_context.go:17" file="note_service/app/internal/app_context.GetInstance()"
time="2021-12-09T08:15:46+07:00" level=info msg="read application config..." func="config.go:29" file="note_service/app/internal/config.GetConfig.func1()"
time="2021-12-09T08:15:46+07:00" level=info msg="bind application to host localhost and port 8080" func="router.go:55" file="note_service/app/internal/router.Init()"
time="2021-12-09T08:15:53+07:00" level=error msg="&{0xc0001aa000 <nil> <nil> false true {0 0} true false false 0x1059640}" func="handler.go:26" file="note_service/app/internal/auth.Auth()"
time="2021-12-09T08:15:53+07:00" level=fatal msg="invalid character '-' in numeric literal" func="handler.go:27" file="note_service/app/internal/auth.Auth()"
time="2021-12-09T08:18:31+07:00" level=info msg="init logger" func="app.go:11" file="main.main()"
time="2021-12-09T08:18:31+07:00" level=info msg="Application inicialized and started" func="app.go:15" file="main.main()"
time="2021-12-09T08:18:31+07:00" level=info msg="Router init.." func="router.go:25" file="note_service/app/internal/router.Init()"
time="2021-12-09T08:18:31+07:00" level=info msg="initialization application context" func="app_context.go:17" file="note_service/app/internal/app_context.GetInstance()"
time="2021-12-09T08:18:31+07:00" level=info msg="read application config..." func="config.go:29" file="note_service/app/internal/config.GetConfig.func1()"
time="2021-12-09T08:18:31+07:00" level=info msg="bind application to host localhost and port 8080" func="router.go:55" file="note_service/app/internal/router.Init()"
time="2021-12-09T08:18:35+07:00" level=error msg="{}" func="handler.go:26" file="note_service/app/internal/auth.Auth()"
time="2021-12-09T08:18:35+07:00" level=fatal msg=EOF func="handler.go:27" file="note_service/app/internal/auth.Auth()"
time="2021-12-09T08:20:09+07:00" level=info msg="init logger" func="app.go:11" file="main.main()"
time="2021-12-09T08:20:09+07:00" level=info msg="Application inicialized and started" func="app.go:15" file="main.main()"
time="2021-12-09T08:20:09+07:00" level=info msg="Router init.." func="router.go:25" file="note_service/app/internal/router.Init()"
time="2021-12-09T08:20:09+07:00" level=info msg="initialization application context" func="app_context.go:17" file="note_service/app/internal/app_context.GetInstance()"
time="2021-12-09T08:20:09+07:00" level=info msg="read application config..." func="config.go:29" file="note_service/app/internal/config.GetConfig.func1()"
time="2021-12-09T08:20:09+07:00" level=info msg="bind application to host localhost and port 8080" func="router.go:55" file="note_service/app/internal/router.Init()"
time="2021-12-09T08:20:21+07:00" level=error msg="&{0xc000004018 <nil> <nil> false true {0 0} true false false 0xd09640}" func="handler.go:26" file="note_service/app/internal/auth.Auth()"
time="2021-12-09T08:20:21+07:00" level=fatal msg="invalid character '-' in numeric literal" func="handler.go:27" file="note_service/app/internal/auth.Auth()"
time="2021-12-09T08:26:48+07:00" level=info msg="init logger" func="app.go:11" file="main.main()"
time="2021-12-09T08:26:48+07:00" level=info msg="Application inicialized and started" func="app.go:15" file="main.main()"
time="2021-12-09T08:26:48+07:00" level=info msg="Router init.." func="router.go:25" file="note_service/app/internal/router.Init()"
time="2021-12-09T08:26:48+07:00" level=info msg="initialization application context" func="app_context.go:17" file="note_service/app/internal/app_context.GetInstance()"
time="2021-12-09T08:26:48+07:00" level=info msg="read application config..." func="config.go:29" file="note_service/app/internal/config.GetConfig.func1()"
time="2021-12-09T08:26:48+07:00" level=info msg="bind application to host localhost and port 8080" func="router.go:55" file="note_service/app/internal/router.Init()"
time="2021-12-09T08:26:55+07:00" level=error msg="Malformed token" func="jwt.go:26" file="note_service/app/pkg/middleware/jwt.JWTMiddleware.func1()"
time="2021-12-09T08:33:44+07:00" level=error msg="&{0xc000004018 <nil> <nil> false true {0 0} true false false 0x10b9640}" func="handler.go:26" file="note_service/app/internal/auth.Auth()"
time="2021-12-09T08:33:44+07:00" level=fatal msg="invalid character '-' in numeric literal" func="handler.go:27" file="note_service/app/internal/auth.Auth()"
time="2021-12-09T08:35:54+07:00" level=info msg="init logger" func="app.go:11" file="main.main()"
time="2021-12-09T08:35:54+07:00" level=info msg="Application inicialized and started" func="app.go:15" file="main.main()"
time="2021-12-09T08:35:54+07:00" level=info msg="Router init.." func="router.go:25" file="note_service/app/internal/router.Init()"
time="2021-12-09T08:35:54+07:00" level=info msg="initialization application context" func="app_context.go:17" file="note_service/app/internal/app_context.GetInstance()"
time="2021-12-09T08:35:54+07:00" level=info msg="read application config..." func="config.go:29" file="note_service/app/internal/config.GetConfig.func1()"
time="2021-12-09T08:35:54+07:00" level=info msg="bind application to host localhost and port 8080" func="router.go:55" file="note_service/app/internal/router.Init()"
time="2021-12-09T08:35:57+07:00" level=info msg="initialization application context" func="app_context.go:17" file="note_service/app/internal/app_context.GetInstance()"
time="2021-12-09T08:39:47+07:00" level=debug msg="create JWT verifier" func="jwt.go:31" file="note_service/app/pkg/middleware/jwt.JWTMiddleware.func1()"
time="2021-12-09T08:39:47+07:00" level=info msg="initialization application context" func="app_context.go:17" file="note_service/app/internal/app_context.GetInstance()"
time="2021-12-09T08:39:47+07:00" level=debug msg="parse and verify token" func="jwt.go:40" file="note_service/app/pkg/middleware/jwt.JWTMiddleware.func1()"
time="2021-12-09T08:39:47+07:00" level=error msg="jwt: token format is not valid" func="jwt.go:67" file="note_service/app/pkg/middleware/jwt.unauthorized()"
time="2021-12-09T08:41:36+07:00" level=info msg="initialization application context" func="app_context.go:17" file="note_service/app/internal/app_context.GetInstance()"
time="2021-12-09T08:41:46+07:00" level=debug msg="create JWT verifier" func="jwt.go:31" file="note_service/app/pkg/middleware/jwt.JWTMiddleware.func1()"
time="2021-12-09T08:41:46+07:00" level=info msg="initialization application context" func="app_context.go:17" file="note_service/app/internal/app_context.GetInstance()"
time="2021-12-09T08:41:46+07:00" level=debug msg="parse and verify token" func="jwt.go:40" file="note_service/app/pkg/middleware/jwt.JWTMiddleware.func1()"
time="2021-12-09T08:41:46+07:00" level=error msg="jwt: token format is not valid" func="jwt.go:67" file="note_service/app/pkg/middleware/jwt.unauthorized()"
time="2021-12-09T08:41:48+07:00" level=debug msg="create JWT verifier" func="jwt.go:31" file="note_service/app/pkg/middleware/jwt.JWTMiddleware.func1()"
time="2021-12-09T08:41:48+07:00" level=info msg="initialization application context" func="app_context.go:17" file="note_service/app/internal/app_context.GetInstance()"
time="2021-12-09T08:41:48+07:00" level=debug msg="parse and verify token" func="jwt.go:40" file="note_service/app/pkg/middleware/jwt.JWTMiddleware.func1()"
time="2021-12-09T08:41:48+07:00" level=error msg="jwt: token format is not valid" func="jwt.go:67" file="note_service/app/pkg/middleware/jwt.unauthorized()"
time="2021-12-09T08:47:32+07:00" level=info msg="init logger" func="app.go:11" file="main.main()"
time="2021-12-09T08:47:32+07:00" level=info msg="Application inicialized and started" func="app.go:15" file="main.main()"
time="2021-12-09T08:47:32+07:00" level=info msg="Router init.." func="router.go:25" file="note_service/app/internal/router.Init()"
time="2021-12-09T08:47:32+07:00" level=info msg="initialization application context" func="app_context.go:17" file="note_service/app/internal/app_context.GetInstance()"
time="2021-12-09T08:47:32+07:00" level=info msg="read application config..." func="config.go:29" file="note_service/app/internal/config.GetConfig.func1()"
time="2021-12-09T08:47:32+07:00" level=info msg="bind application to host localhost and port 8080" func="router.go:55" file="note_service/app/internal/router.Init()"
time="2021-12-09T08:47:40+07:00" level=info msg="initialization application context" func="app_context.go:17" file="note_service/app/internal/app_context.GetInstance()"
time="2021-12-09T08:47:54+07:00" level=debug msg="create JWT verifier" func="jwt.go:31" file="note_service/app/pkg/middleware/jwt.JWTMiddleware.func1()"
time="2021-12-09T08:47:54+07:00" level=debug msg="jwttoken  eyJhbGciOiJIUzI1NiIsInR5cCI6IkpXVCJ9.eyJqdGkiOiJ1aWRfaGVyZSIsImF1ZCI6InVzZXJzIiwiZXhwIjoxNjM5MDE0NDY1LCJlbWFpbCI6ImVtYWlsIn0.znhf3_0b4w5rQ1rRms1cj-1A_KD3fAjF10cVMWh52eU" func="jwt.go:33" file="note_service/app/pkg/middleware/jwt.JWTMiddleware.func1()"
time="2021-12-09T08:47:54+07:00" level=info msg="initialization application context" func="app_context.go:17" file="note_service/app/internal/app_context.GetInstance()"
time="2021-12-09T08:47:54+07:00" level=debug msg="parse and verify token" func="jwt.go:40" file="note_service/app/pkg/middleware/jwt.JWTMiddleware.func1()"
time="2021-12-09T08:47:54+07:00" level=debug msg="token <nil>" func="jwt.go:42" file="note_service/app/pkg/middleware/jwt.JWTMiddleware.func1()"
time="2021-12-09T08:47:54+07:00" level=error msg="jwt: token format is not valid" func="jwt.go:68" file="note_service/app/pkg/middleware/jwt.unauthorized()"
time="2021-12-09T08:52:22+07:00" level=info msg="init logger" func="app.go:11" file="main.main()"
time="2021-12-09T08:52:22+07:00" level=info msg="Application inicialized and started" func="app.go:15" file="main.main()"
time="2021-12-09T08:52:22+07:00" level=info msg="Router init.." func="router.go:25" file="note_service/app/internal/router.Init()"
time="2021-12-09T08:52:22+07:00" level=info msg="initialization application context" func="app_context.go:17" file="note_service/app/internal/app_context.GetInstance()"
time="2021-12-09T08:52:22+07:00" level=info msg="read application config..." func="config.go:29" file="note_service/app/internal/config.GetConfig.func1()"
time="2021-12-09T08:52:22+07:00" level=info msg="bind application to host localhost and port 8080" func="router.go:55" file="note_service/app/internal/router.Init()"
time="2021-12-09T08:52:26+07:00" level=debug msg="create JWT verifier" func="jwt.go:31" file="note_service/app/pkg/middleware/jwt.JWTMiddleware.func1()"
time="2021-12-09T08:52:26+07:00" level=debug msg="jwttoken  eyJhbGciOiJIUzI1NiIsInR5cCI6IkpXVCJ9.eyJqdGkiOiJ1aWRfaGVyZSIsImF1ZCI6InVzZXJzIiwiZXhwIjoxNjM5MDE0NDY1LCJlbWFpbCI6ImVtYWlsIn0.znhf3_0b4w5rQ1rRms1cj-1A_KD3fAjF10cVMWh52eU" func="jwt.go:33" file="note_service/app/pkg/middleware/jwt.JWTMiddleware.func1()"
time="2021-12-09T08:52:26+07:00" level=info msg="initialization application context" func="app_context.go:17" file="note_service/app/internal/app_context.GetInstance()"
time="2021-12-09T08:52:26+07:00" level=debug msg="key [36 51 99 114 51 116]" func="jwt.go:35" file="note_service/app/pkg/middleware/jwt.JWTMiddleware.func1()"
time="2021-12-09T08:52:26+07:00" level=debug msg="parse and verify token" func="jwt.go:41" file="note_service/app/pkg/middleware/jwt.JWTMiddleware.func1()"
time="2021-12-09T08:52:26+07:00" level=debug msg="token <nil>" func="jwt.go:43" file="note_service/app/pkg/middleware/jwt.JWTMiddleware.func1()"
time="2021-12-09T08:52:26+07:00" level=error msg="jwt: token format is not valid" func="jwt.go:69" file="note_service/app/pkg/middleware/jwt.unauthorized()"
time="2021-12-09T09:00:50+07:00" level=debug msg="create JWT verifier" func="jwt.go:31" file="note_service/app/pkg/middleware/jwt.JWTMiddleware.func1()"
time="2021-12-09T09:00:50+07:00" level=debug msg="jwttoken  eyJhbGciOiJIUzI1NiIsInR5cCI6IkpXVCJ9.eyJqdGkiOiJ1aWRfaGVyZSIsImF1ZCI6InVzZXJzIiwiZXhwIjoxNjM5MDE0NDY1LCJlbWFpbCI6ImVtYWlsIn0.znhf3_0b4w5rQ1rRms1cj-1A_KD3fAjF10cVMWh52eU" func="jwt.go:33" file="note_service/app/pkg/middleware/jwt.JWTMiddleware.func1()"
time="2021-12-09T09:00:50+07:00" level=info msg="initialization application context" func="app_context.go:17" file="note_service/app/internal/app_context.GetInstance()"
time="2021-12-09T09:00:50+07:00" level=debug msg="key [36 51 99 114 51 116]" func="jwt.go:35" file="note_service/app/pkg/middleware/jwt.JWTMiddleware.func1()"
time="2021-12-09T09:00:50+07:00" level=debug msg="parse and verify token" func="jwt.go:41" file="note_service/app/pkg/middleware/jwt.JWTMiddleware.func1()"
time="2021-12-09T09:00:50+07:00" level=debug msg="token <nil>" func="jwt.go:43" file="note_service/app/pkg/middleware/jwt.JWTMiddleware.func1()"
time="2021-12-09T09:00:50+07:00" level=error msg="jwt: token format is not valid" func="jwt.go:69" file="note_service/app/pkg/middleware/jwt.unauthorized()"
time="2021-12-09T09:05:40+07:00" level=info msg="init logger" func="app.go:11" file="main.main()"
time="2021-12-09T09:05:40+07:00" level=info msg="Application inicialized and started" func="app.go:15" file="main.main()"
time="2021-12-09T09:05:40+07:00" level=info msg="Router init.." func="router.go:25" file="note_service/app/internal/router.Init()"
time="2021-12-09T09:05:40+07:00" level=info msg="initialization application context" func="app_context.go:17" file="note_service/app/internal/app_context.GetInstance()"
time="2021-12-09T09:05:40+07:00" level=info msg="read application config..." func="config.go:29" file="note_service/app/internal/config.GetConfig.func1()"
time="2021-12-09T09:05:40+07:00" level=info msg="bind application to host localhost and port 8080" func="router.go:55" file="note_service/app/internal/router.Init()"
time="2021-12-09T09:05:44+07:00" level=debug msg="create JWT verifier" func="jwt.go:31" file="note_service/app/pkg/middleware/jwt.JWTMiddleware.func1()"
time="2021-12-09T09:07:24+07:00" level=info msg="init logger" func="app.go:11" file="main.main()"
time="2021-12-09T09:07:24+07:00" level=info msg="Application inicialized and started" func="app.go:15" file="main.main()"
time="2021-12-09T09:07:24+07:00" level=info msg="Router init.." func="router.go:25" file="note_service/app/internal/router.Init()"
time="2021-12-09T09:07:24+07:00" level=info msg="initialization application context" func="app_context.go:17" file="note_service/app/internal/app_context.GetInstance()"
time="2021-12-09T09:07:24+07:00" level=info msg="read application config..." func="config.go:29" file="note_service/app/internal/config.GetConfig.func1()"
time="2021-12-09T09:07:24+07:00" level=info msg="bind application to host localhost and port 8080" func="router.go:55" file="note_service/app/internal/router.Init()"
time="2021-12-09T09:07:26+07:00" level=debug msg="create JWT verifier" func="jwt.go:31" file="note_service/app/pkg/middleware/jwt.JWTMiddleware.func1()"
time="2021-12-09T09:08:05+07:00" level=info msg="init logger" func="app.go:11" file="main.main()"
time="2021-12-09T09:08:05+07:00" level=info msg="Application inicialized and started" func="app.go:15" file="main.main()"
time="2021-12-09T09:08:05+07:00" level=info msg="Router init.." func="router.go:25" file="note_service/app/internal/router.Init()"
time="2021-12-09T09:08:05+07:00" level=info msg="initialization application context" func="app_context.go:17" file="note_service/app/internal/app_context.GetInstance()"
time="2021-12-09T09:08:05+07:00" level=info msg="read application config..." func="config.go:29" file="note_service/app/internal/config.GetConfig.func1()"
time="2021-12-09T09:08:05+07:00" level=info msg="bind application to host localhost and port 8080" func="router.go:55" file="note_service/app/internal/router.Init()"
time="2021-12-09T09:08:08+07:00" level=debug msg="create JWT verifier" func="jwt.go:31" file="note_service/app/pkg/middleware/jwt.JWTMiddleware.func1()"
time="2021-12-09T09:08:08+07:00" level=debug msg="jwttoken  eyJhbGciOiJIUzI1NiIsInR5cCI6IkpXVCJ9.eyJqdGkiOiJ1aWRfaGVyZSIsImF1ZCI6InVzZXJzIiwiZXhwIjoxNjM5MDE0NDY1LCJlbWFpbCI6ImVtYWlsIn0.znhf3_0b4w5rQ1rRms1cj-1A_KD3fAjF10cVMWh52eU" func="jwt.go:34" file="note_service/app/pkg/middleware/jwt.JWTMiddleware.func1()"
time="2021-12-09T09:08:08+07:00" level=debug msg="test [ eyJhbGciOiJIUzI1NiIsInR5cCI6IkpXVCJ9.eyJqdGkiOiJ1aWRfaGVyZSIsImF1ZCI6InVzZXJzIiwiZXhwIjoxNjM5MDE0NDY1LCJlbWFpbCI6ImVtYWlsIn0.znhf3_0b4w5rQ1rRms1cj-1A_KD3fAjF10cVMWh52eU]" func="jwt.go:35" file="note_service/app/pkg/middleware/jwt.JWTMiddleware.func1()"
time="2021-12-09T09:08:08+07:00" level=info msg="initialization application context" func="app_context.go:17" file="note_service/app/internal/app_context.GetInstance()"
time="2021-12-09T09:08:08+07:00" level=debug msg="key [36 51 99 114 51 116]" func="jwt.go:37" file="note_service/app/pkg/middleware/jwt.JWTMiddleware.func1()"
time="2021-12-09T09:08:08+07:00" level=debug msg="parse and verify token" func="jwt.go:43" file="note_service/app/pkg/middleware/jwt.JWTMiddleware.func1()"
time="2021-12-09T09:08:08+07:00" level=debug msg="token <nil>" func="jwt.go:45" file="note_service/app/pkg/middleware/jwt.JWTMiddleware.func1()"
time="2021-12-09T09:08:08+07:00" level=error msg="jwt: token format is not valid" func="jwt.go:71" file="note_service/app/pkg/middleware/jwt.unauthorized()"
time="2021-12-09T09:08:52+07:00" level=info msg="init logger" func="app.go:11" file="main.main()"
time="2021-12-09T09:08:52+07:00" level=info msg="Application inicialized and started" func="app.go:15" file="main.main()"
time="2021-12-09T09:08:52+07:00" level=info msg="Router init.." func="router.go:25" file="note_service/app/internal/router.Init()"
time="2021-12-09T09:08:52+07:00" level=info msg="initialization application context" func="app_context.go:17" file="note_service/app/internal/app_context.GetInstance()"
time="2021-12-09T09:08:52+07:00" level=info msg="read application config..." func="config.go:29" file="note_service/app/internal/config.GetConfig.func1()"
time="2021-12-09T09:08:52+07:00" level=info msg="bind application to host localhost and port 8080" func="router.go:55" file="note_service/app/internal/router.Init()"
time="2021-12-09T09:08:54+07:00" level=debug msg="create JWT verifier" func="jwt.go:31" file="note_service/app/pkg/middleware/jwt.JWTMiddleware.func1()"
time="2021-12-09T09:08:54+07:00" level=debug msg="jwttoken  eyJhbGciOiJIUzI1NiIsInR5cCI6IkpXVCJ9.eyJqdGkiOiJ1aWRfaGVyZSIsImF1ZCI6InVzZXJzIiwiZXhwIjoxNjM5MDE0NDY1LCJlbWFpbCI6ImVtYWlsIn0.znhf3_0b4w5rQ1rRms1cj-1A_KD3fAjF10cVMWh52eU" func="jwt.go:34" file="note_service/app/pkg/middleware/jwt.JWTMiddleware.func1()"
time="2021-12-09T09:08:54+07:00" level=debug msg="test  eyJhbGciOiJIUzI1NiIsInR5cCI6IkpXVCJ9.eyJqdGkiOiJ1aWRfaGVyZSIsImF1ZCI6InVzZXJzIiwiZXhwIjoxNjM5MDE0NDY1LCJlbWFpbCI6ImVtYWlsIn0.znhf3_0b4w5rQ1rRms1cj-1A_KD3fAjF10cVMWh52eU" func="jwt.go:35" file="note_service/app/pkg/middleware/jwt.JWTMiddleware.func1()"
time="2021-12-09T09:08:54+07:00" level=info msg="initialization application context" func="app_context.go:17" file="note_service/app/internal/app_context.GetInstance()"
time="2021-12-09T09:08:54+07:00" level=debug msg="key [36 51 99 114 51 116]" func="jwt.go:37" file="note_service/app/pkg/middleware/jwt.JWTMiddleware.func1()"
time="2021-12-09T09:08:54+07:00" level=debug msg="parse and verify token" func="jwt.go:43" file="note_service/app/pkg/middleware/jwt.JWTMiddleware.func1()"
time="2021-12-09T09:08:54+07:00" level=debug msg="token <nil>" func="jwt.go:45" file="note_service/app/pkg/middleware/jwt.JWTMiddleware.func1()"
time="2021-12-09T09:08:54+07:00" level=error msg="jwt: token format is not valid" func="jwt.go:71" file="note_service/app/pkg/middleware/jwt.unauthorized()"
time="2021-12-09T09:09:21+07:00" level=info msg="init logger" func="app.go:11" file="main.main()"
time="2021-12-09T09:09:21+07:00" level=info msg="Application inicialized and started" func="app.go:15" file="main.main()"
time="2021-12-09T09:09:21+07:00" level=info msg="Router init.." func="router.go:25" file="note_service/app/internal/router.Init()"
time="2021-12-09T09:09:21+07:00" level=info msg="initialization application context" func="app_context.go:17" file="note_service/app/internal/app_context.GetInstance()"
time="2021-12-09T09:09:21+07:00" level=info msg="read application config..." func="config.go:29" file="note_service/app/internal/config.GetConfig.func1()"
time="2021-12-09T09:09:21+07:00" level=info msg="bind application to host localhost and port 8080" func="router.go:55" file="note_service/app/internal/router.Init()"
time="2021-12-09T09:09:24+07:00" level=debug msg="create JWT verifier" func="jwt.go:31" file="note_service/app/pkg/middleware/jwt.JWTMiddleware.func1()"
time="2021-12-09T09:09:24+07:00" level=debug msg="jwttoken  eyJhbGciOiJIUzI1NiIsInR5cCI6IkpXVCJ9.eyJqdGkiOiJ1aWRfaGVyZSIsImF1ZCI6InVzZXJzIiwiZXhwIjoxNjM5MDE0NDY1LCJlbWFpbCI6ImVtYWlsIn0.znhf3_0b4w5rQ1rRms1cj-1A_KD3fAjF10cVMWh52eU" func="jwt.go:34" file="note_service/app/pkg/middleware/jwt.JWTMiddleware.func1()"
time="2021-12-09T09:09:24+07:00" level=debug msg="test  eyJhbGciOiJIUzI1NiIsInR5cCI6IkpXVCJ9.eyJqdGkiOiJ1aWRfaGVyZSIsImF1ZCI6InVzZXJzIiwiZXhwIjoxNjM5MDE0NDY1LCJlbWFpbCI6ImVtYWlsIn0.znhf3_0b4w5rQ1rRms1cj-1A_KD3fAjF10cVMWh52eU" func="jwt.go:35" file="note_service/app/pkg/middleware/jwt.JWTMiddleware.func1()"
time="2021-12-09T09:09:24+07:00" level=info msg="initialization application context" func="app_context.go:17" file="note_service/app/internal/app_context.GetInstance()"
time="2021-12-09T09:09:24+07:00" level=debug msg="key [36 51 99 114 51 116]" func="jwt.go:37" file="note_service/app/pkg/middleware/jwt.JWTMiddleware.func1()"
time="2021-12-09T09:09:24+07:00" level=debug msg="parse and verify token" func="jwt.go:43" file="note_service/app/pkg/middleware/jwt.JWTMiddleware.func1()"
time="2021-12-09T09:09:24+07:00" level=debug msg="token <nil>" func="jwt.go:45" file="note_service/app/pkg/middleware/jwt.JWTMiddleware.func1()"
time="2021-12-09T09:09:24+07:00" level=error msg="jwt: token format is not valid" func="jwt.go:71" file="note_service/app/pkg/middleware/jwt.unauthorized()"
time="2021-12-09T09:18:58+07:00" level=info msg="init logger" func="app.go:11" file="main.main()"
time="2021-12-09T09:18:58+07:00" level=info msg="Application inicialized and started" func="app.go:15" file="main.main()"
time="2021-12-09T09:18:58+07:00" level=info msg="Router init.." func="router.go:25" file="note_service/app/internal/router.Init()"
time="2021-12-09T09:18:58+07:00" level=info msg="initialization application context" func="app_context.go:17" file="note_service/app/internal/app_context.GetInstance()"
time="2021-12-09T09:18:58+07:00" level=info msg="read application config..." func="config.go:29" file="note_service/app/internal/config.GetConfig.func1()"
time="2021-12-09T09:18:58+07:00" level=info msg="bind application to host localhost and port 8080" func="router.go:55" file="note_service/app/internal/router.Init()"
time="2021-12-09T09:19:01+07:00" level=debug msg="create JWT verifier" func="jwt.go:31" file="note_service/app/pkg/middleware/jwt.JWTMiddleware.func1()"
time="2021-12-09T09:19:01+07:00" level=debug msg="jwttoken eyJhbGciOiJIUzI1NiIsInR5cCI6IkpXVCJ9.eyJqdGkiOiJ1aWRfaGVyZSIsImF1ZCI6InVzZXJzIiwiZXhwIjoxNjM5MDE0NDY1LCJlbWFpbCI6ImVtYWlsIn0.znhf3_0b4w5rQ1rRms1cj-1A_KD3fAjF10cVMWh52eU" func="jwt.go:34" file="note_service/app/pkg/middleware/jwt.JWTMiddleware.func1()"
time="2021-12-09T09:19:01+07:00" level=debug msg="test[ eyJhbGciOiJIUzI1NiIsInR5cCI6IkpXVCJ9.eyJqdGkiOiJ1aWRfaGVyZSIsImF1ZCI6InVzZXJzIiwiZXhwIjoxNjM5MDE0NDY1LCJlbWFpbCI6ImVtYWlsIn0.znhf3_0b4w5rQ1rRms1cj-1A_KD3fAjF10cVMWh52eU]" func="jwt.go:35" file="note_service/app/pkg/middleware/jwt.JWTMiddleware.func1()"
time="2021-12-09T09:19:01+07:00" level=info msg="initialization application context" func="app_context.go:17" file="note_service/app/internal/app_context.GetInstance()"
time="2021-12-09T09:19:01+07:00" level=debug msg="key[36 51 99 114 51 116]" func="jwt.go:37" file="note_service/app/pkg/middleware/jwt.JWTMiddleware.func1()"
time="2021-12-09T09:19:01+07:00" level=debug msg="parse and verify token" func="jwt.go:43" file="note_service/app/pkg/middleware/jwt.JWTMiddleware.func1()"
time="2021-12-09T09:19:01+07:00" level=debug msg="token <nil>" func="jwt.go:45" file="note_service/app/pkg/middleware/jwt.JWTMiddleware.func1()"
time="2021-12-09T09:19:01+07:00" level=error msg="jwt: token format is not valid" func="jwt.go:71" file="note_service/app/pkg/middleware/jwt.unauthorized()"
time="2021-12-09T09:20:04+07:00" level=info msg="init logger" func="app.go:11" file="main.main()"
time="2021-12-09T09:20:04+07:00" level=info msg="Application inicialized and started" func="app.go:15" file="main.main()"
time="2021-12-09T09:20:04+07:00" level=info msg="Router init.." func="router.go:25" file="note_service/app/internal/router.Init()"
time="2021-12-09T09:20:04+07:00" level=info msg="initialization application context" func="app_context.go:17" file="note_service/app/internal/app_context.GetInstance()"
time="2021-12-09T09:20:04+07:00" level=info msg="read application config..." func="config.go:29" file="note_service/app/internal/config.GetConfig.func1()"
time="2021-12-09T09:20:04+07:00" level=info msg="bind application to host localhost and port 8080" func="router.go:55" file="note_service/app/internal/router.Init()"
time="2021-12-09T09:20:06+07:00" level=debug msg="create JWT verifier" func="jwt.go:31" file="note_service/app/pkg/middleware/jwt.JWTMiddleware.func1()"
time="2021-12-09T09:20:06+07:00" level=debug msg="jwttoken-> eyJhbGciOiJIUzI1NiIsInR5cCI6IkpXVCJ9.eyJqdGkiOiJ1aWRfaGVyZSIsImF1ZCI6InVzZXJzIiwiZXhwIjoxNjM5MDE0NDY1LCJlbWFpbCI6ImVtYWlsIn0.znhf3_0b4w5rQ1rRms1cj-1A_KD3fAjF10cVMWh52eU" func="jwt.go:34" file="note_service/app/pkg/middleware/jwt.JWTMiddleware.func1()"
time="2021-12-09T09:20:06+07:00" level=debug msg="test [ eyJhbGciOiJIUzI1NiIsInR5cCI6IkpXVCJ9.eyJqdGkiOiJ1aWRfaGVyZSIsImF1ZCI6InVzZXJzIiwiZXhwIjoxNjM5MDE0NDY1LCJlbWFpbCI6ImVtYWlsIn0.znhf3_0b4w5rQ1rRms1cj-1A_KD3fAjF10cVMWh52eU]" func="jwt.go:35" file="note_service/app/pkg/middleware/jwt.JWTMiddleware.func1()"
time="2021-12-09T09:20:06+07:00" level=info msg="initialization application context" func="app_context.go:17" file="note_service/app/internal/app_context.GetInstance()"
time="2021-12-09T09:20:06+07:00" level=debug msg="key [36 51 99 114 51 116]" func="jwt.go:37" file="note_service/app/pkg/middleware/jwt.JWTMiddleware.func1()"
time="2021-12-09T09:20:06+07:00" level=debug msg="parse and verify token" func="jwt.go:43" file="note_service/app/pkg/middleware/jwt.JWTMiddleware.func1()"
time="2021-12-09T09:20:06+07:00" level=debug msg="token <nil>" func="jwt.go:45" file="note_service/app/pkg/middleware/jwt.JWTMiddleware.func1()"
time="2021-12-09T09:20:06+07:00" level=error msg="jwt: token format is not valid" func="jwt.go:71" file="note_service/app/pkg/middleware/jwt.unauthorized()"
time="2021-12-09T09:20:36+07:00" level=debug msg="create JWT verifier" func="jwt.go:31" file="note_service/app/pkg/middleware/jwt.JWTMiddleware.func1()"
time="2021-12-09T09:20:36+07:00" level=debug msg="jwttoken-> eyJhbGciOiJIUzI1NiIsInR5cCI6IkpXVCJ9.eyJqdGkiOiJ1aWRfaGVyZSIsImF1ZCI6InVzZXJzIiwiZXhwIjoxNjM5MDE0NDY1LCJlbWFpbCI6ImVtYWlsIn0.znhf3_0b4w5rQ1rRms1cj-1A_KD3fAjF10cVMWh52eU" func="jwt.go:34" file="note_service/app/pkg/middleware/jwt.JWTMiddleware.func1()"
time="2021-12-09T09:20:36+07:00" level=debug msg="test [ eyJhbGciOiJIUzI1NiIsInR5cCI6IkpXVCJ9.eyJqdGkiOiJ1aWRfaGVyZSIsImF1ZCI6InVzZXJzIiwiZXhwIjoxNjM5MDE0NDY1LCJlbWFpbCI6ImVtYWlsIn0.znhf3_0b4w5rQ1rRms1cj-1A_KD3fAjF10cVMWh52eU]" func="jwt.go:35" file="note_service/app/pkg/middleware/jwt.JWTMiddleware.func1()"
time="2021-12-09T09:20:36+07:00" level=info msg="initialization application context" func="app_context.go:17" file="note_service/app/internal/app_context.GetInstance()"
time="2021-12-09T09:20:36+07:00" level=debug msg="key [36 51 99 114 51 116]" func="jwt.go:37" file="note_service/app/pkg/middleware/jwt.JWTMiddleware.func1()"
time="2021-12-09T09:20:36+07:00" level=debug msg="parse and verify token" func="jwt.go:43" file="note_service/app/pkg/middleware/jwt.JWTMiddleware.func1()"
time="2021-12-09T09:20:36+07:00" level=debug msg="token <nil>" func="jwt.go:45" file="note_service/app/pkg/middleware/jwt.JWTMiddleware.func1()"
time="2021-12-09T09:20:36+07:00" level=error msg="jwt: token format is not valid" func="jwt.go:71" file="note_service/app/pkg/middleware/jwt.unauthorized()"
time="2021-12-09T09:21:53+07:00" level=info msg="init logger" func="app.go:11" file="main.main()"
time="2021-12-09T09:21:53+07:00" level=info msg="Application inicialized and started" func="app.go:15" file="main.main()"
time="2021-12-09T09:21:53+07:00" level=info msg="Router init.." func="router.go:25" file="note_service/app/internal/router.Init()"
time="2021-12-09T09:21:53+07:00" level=info msg="initialization application context" func="app_context.go:17" file="note_service/app/internal/app_context.GetInstance()"
time="2021-12-09T09:21:53+07:00" level=info msg="read application config..." func="config.go:29" file="note_service/app/internal/config.GetConfig.func1()"
time="2021-12-09T09:21:53+07:00" level=info msg="bind application to host localhost and port 8080" func="router.go:55" file="note_service/app/internal/router.Init()"
time="2021-12-09T09:21:57+07:00" level=debug msg="create JWT verifier" func="jwt.go:31" file="note_service/app/pkg/middleware/jwt.JWTMiddleware.func1()"
time="2021-12-09T09:21:57+07:00" level=debug msg="jwttoken-> eyJhbGciOiJIUzI1NiIsInR5cCI6IkpXVCJ9.eyJqdGkiOiJ1aWRfaGVyZSIsImF1ZCI6InVzZXJzIiwiZXhwIjoxNjM5MDE0NDY1LCJlbWFpbCI6ImVtYWlsIn0.znhf3_0b4w5rQ1rRms1cj-1A_KD3fAjF10cVMWh52eU" func="jwt.go:34" file="note_service/app/pkg/middleware/jwt.JWTMiddleware.func1()"
time="2021-12-09T09:21:57+07:00" level=debug msg="test eyJhbGciOiJIUzI1NiIsInR5cCI6IkpXVCJ9.eyJqdGkiOiJ1aWRfaGVyZSIsImF1ZCI6InVzZXJzIiwiZXhwIjoxNjM5MDE0NDY1LCJlbWFpbCI6ImVtYWlsIn0.znhf3_0b4w5rQ1rRms1cj-1A_KD3fAjF10cVMWh52eU" func="jwt.go:35" file="note_service/app/pkg/middleware/jwt.JWTMiddleware.func1()"
time="2021-12-09T09:21:57+07:00" level=info msg="initialization application context" func="app_context.go:17" file="note_service/app/internal/app_context.GetInstance()"
time="2021-12-09T09:21:57+07:00" level=debug msg="key [36 51 99 114 51 116]" func="jwt.go:37" file="note_service/app/pkg/middleware/jwt.JWTMiddleware.func1()"
time="2021-12-09T09:21:57+07:00" level=debug msg="parse and verify token" func="jwt.go:43" file="note_service/app/pkg/middleware/jwt.JWTMiddleware.func1()"
time="2021-12-09T09:21:57+07:00" level=debug msg="token <nil>" func="jwt.go:45" file="note_service/app/pkg/middleware/jwt.JWTMiddleware.func1()"
time="2021-12-09T09:21:57+07:00" level=error msg="jwt: token format is not valid" func="jwt.go:71" file="note_service/app/pkg/middleware/jwt.unauthorized()"
time="2021-12-09T09:22:14+07:00" level=info msg="init logger" func="app.go:11" file="main.main()"
time="2021-12-09T09:22:14+07:00" level=info msg="Application inicialized and started" func="app.go:15" file="main.main()"
time="2021-12-09T09:22:14+07:00" level=info msg="Router init.." func="router.go:25" file="note_service/app/internal/router.Init()"
time="2021-12-09T09:22:14+07:00" level=info msg="initialization application context" func="app_context.go:17" file="note_service/app/internal/app_context.GetInstance()"
time="2021-12-09T09:22:14+07:00" level=info msg="read application config..." func="config.go:29" file="note_service/app/internal/config.GetConfig.func1()"
time="2021-12-09T09:22:14+07:00" level=info msg="bind application to host localhost and port 8080" func="router.go:55" file="note_service/app/internal/router.Init()"
time="2021-12-09T09:22:15+07:00" level=debug msg="create JWT verifier" func="jwt.go:31" file="note_service/app/pkg/middleware/jwt.JWTMiddleware.func1()"
time="2021-12-09T09:22:15+07:00" level=debug msg="jwttoken-> eyJhbGciOiJIUzI1NiIsInR5cCI6IkpXVCJ9.eyJqdGkiOiJ1aWRfaGVyZSIsImF1ZCI6InVzZXJzIiwiZXhwIjoxNjM5MDE0NDY1LCJlbWFpbCI6ImVtYWlsIn0.znhf3_0b4w5rQ1rRms1cj-1A_KD3fAjF10cVMWh52eU" func="jwt.go:34" file="note_service/app/pkg/middleware/jwt.JWTMiddleware.func1()"
time="2021-12-09T09:22:15+07:00" level=debug msg="test eyJhbGciOiJIUzI1NiIsInR5cCI6IkpXVCJ9.eyJqdGkiOiJ1aWRfaGVyZSIsImF1ZCI6InVzZXJzIiwiZXhwIjoxNjM5MDE0NDY1LCJlbWFpbCI6ImVtYWlsIn0.znhf3_0b4w5rQ1rRms1cj-1A_KD3fAjF10cVMWh52eU" func="jwt.go:35" file="note_service/app/pkg/middleware/jwt.JWTMiddleware.func1()"
time="2021-12-09T09:22:15+07:00" level=info msg="initialization application context" func="app_context.go:17" file="note_service/app/internal/app_context.GetInstance()"
time="2021-12-09T09:22:15+07:00" level=debug msg="key [36 51 99 114 51 116]" func="jwt.go:37" file="note_service/app/pkg/middleware/jwt.JWTMiddleware.func1()"
time="2021-12-09T09:22:15+07:00" level=debug msg="parse and verify token" func="jwt.go:43" file="note_service/app/pkg/middleware/jwt.JWTMiddleware.func1()"
time="2021-12-09T09:22:15+07:00" level=debug msg="token eyJhbGciOiJIUzI1NiIsInR5cCI6IkpXVCJ9.eyJqdGkiOiJ1aWRfaGVyZSIsImF1ZCI6InVzZXJzIiwiZXhwIjoxNjM5MDE0NDY1LCJlbWFpbCI6ImVtYWlsIn0.znhf3_0b4w5rQ1rRms1cj-1A_KD3fAjF10cVMWh52eU" func="jwt.go:45" file="note_service/app/pkg/middleware/jwt.JWTMiddleware.func1()"
time="2021-12-09T09:22:15+07:00" level=debug msg="parse user claims" func="jwt.go:50" file="note_service/app/pkg/middleware/jwt.JWTMiddleware.func1()"
time="2021-12-09T09:22:15+07:00" level=error msg="token has been expired" func="jwt.go:58" file="note_service/app/pkg/middleware/jwt.JWTMiddleware.func1()"
time="2021-12-09T09:22:15+07:00" level=error msg="<nil>" func="jwt.go:71" file="note_service/app/pkg/middleware/jwt.unauthorized()"
time="2021-12-09T09:23:30+07:00" level=info msg="init logger" func="app.go:11" file="main.main()"
time="2021-12-09T09:23:30+07:00" level=info msg="Application inicialized and started" func="app.go:15" file="main.main()"
time="2021-12-09T09:23:30+07:00" level=info msg="Router init.." func="router.go:25" file="note_service/app/internal/router.Init()"
time="2021-12-09T09:23:30+07:00" level=info msg="initialization application context" func="app_context.go:17" file="note_service/app/internal/app_context.GetInstance()"
time="2021-12-09T09:23:30+07:00" level=info msg="read application config..." func="config.go:29" file="note_service/app/internal/config.GetConfig.func1()"
time="2021-12-09T09:23:30+07:00" level=info msg="bind application to host localhost and port 8080" func="router.go:55" file="note_service/app/internal/router.Init()"
time="2021-12-09T09:23:33+07:00" level=info msg="initialization application context" func="app_context.go:17" file="note_service/app/internal/app_context.GetInstance()"
time="2021-12-09T09:23:45+07:00" level=debug msg="create JWT verifier" func="jwt.go:31" file="note_service/app/pkg/middleware/jwt.JWTMiddleware.func1()"
time="2021-12-09T09:23:45+07:00" level=info msg="initialization application context" func="app_context.go:17" file="note_service/app/internal/app_context.GetInstance()"
time="2021-12-09T09:23:45+07:00" level=debug msg="key [36 51 99 114 51 116]" func="jwt.go:34" file="note_service/app/pkg/middleware/jwt.JWTMiddleware.func1()"
time="2021-12-09T09:23:45+07:00" level=debug msg="parse and verify token" func="jwt.go:40" file="note_service/app/pkg/middleware/jwt.JWTMiddleware.func1()"
time="2021-12-09T09:23:45+07:00" level=debug msg="parse user claims" func="jwt.go:46" file="note_service/app/pkg/middleware/jwt.JWTMiddleware.func1()"
